Arguments: 
  /usr/bin/node /usr/local/bin/yarn build

PATH: 
  /home/felixawere/.cargo/bin:/home/felixawere/.local/bin:/home/felixawere/bin:/usr/local/bin:/usr/local/sbin:/usr/bin:/usr/sbin:/var/lib/snapd/snap/bin:/home/felixawere/.composer/vendor/bin

Yarn version: 
  1.22.18

Node version: 
  16.14.0

Platform: 
  linux x64

Trace: 
  SyntaxError: /home/felixawere/Desktop/experiments/near-real-estate-app/package.json: Unexpected token } in JSON at position 225
      at JSON.parse (<anonymous>)
      at /usr/local/lib/node_modules/yarn/lib/cli.js:1625:59
      at Generator.next (<anonymous>)
      at step (/usr/local/lib/node_modules/yarn/lib/cli.js:310:30)
      at /usr/local/lib/node_modules/yarn/lib/cli.js:321:13

npm manifest: 
  {
    "name": "image_upload",
    "version": "1.0.0",
    "description": "",
    "main": "index.js",
    "scripts": {
      "start": "node app.js",
      "test": "echo \"Error: no test specified\" && exit 1",
      "build": "npm install",
    },
    "keywords": [],
    "author": "",
    "license": "ISC",
    "dependencies": {
      "express": "^4.18.1",
      "multer": "^1.4.5-lts.1"
    }
  }

yarn manifest: 
  No manifest

Lockfile: 
  No lockfile
